<?xml version="1.0" encoding="UTF-8"?>
<!-- Generated by org.testng.reporters.JUnitXMLReporter -->
<testsuite ignored="2" hostname="LAPTOP-0AP94ACM" failures="0" tests="1" name="Test(failed)(failed)" time="0.122" errors="0" timestamp="2023-03-28T12:57:55 IST">
  <testcase classname="com.trello.qspiders.learntestng.GroupA" name="nameA" time="0.03"/>
  <testcase classname="com.trello.qspiders.learntestng.GroupA" name="nameB" time="0.0">
    <ignored/>
  </testcase> <!-- nameB -->
  <testcase classname="com.trello.qspiders.learntestng.GroupA" name="nameC" time="0.0">
    <ignored/>
  </testcase> <!-- nameC -->
</testsuite> <!-- Test(failed)(failed) -->
