<?xml version="1.0" encoding="UTF-8"?>
<testng-results ignored="0" total="0" passed="0" failed="0" skipped="0">
  <reporter-output>
  </reporter-output>
  <suite started-at="2023-07-28T23:24:02 IST" name="Suite" finished-at="2023-07-28T23:24:28 IST" duration-ms="26276">
    <groups>
    </groups>
    <test started-at="2023-07-28T23:24:02 IST" name="Test" finished-at="2023-07-28T23:24:28 IST" duration-ms="26276">
      <class name="com.actitime.testscript.CustomerModule">
        <test-method is-config="true" signature="openBrowser()[pri:0, instance:com.actitime.testscript.CustomerModule@49139829]" started-at="2023-07-28T23:24:02 IST" name="openBrowser" finished-at="2023-07-28T23:24:28 IST" duration-ms="26138" status="PASS">
          <reporter-output>
          </reporter-output>
        </test-method> <!-- openBrowser -->
        <test-method is-config="true" signature="closeBrowser()[pri:0, instance:com.actitime.testscript.CustomerModule@49139829]" started-at="2023-07-28T23:24:28 IST" name="closeBrowser" finished-at="2023-07-28T23:24:28 IST" duration-ms="91" status="PASS">
          <reporter-output>
          </reporter-output>
        </test-method> <!-- closeBrowser -->
      </class> <!-- com.actitime.testscript.CustomerModule -->
    </test> <!-- Test -->
  </suite> <!-- Suite -->
</testng-results>
