<?xml version="1.0" encoding="UTF-8"?>
<!-- Generated by org.testng.reporters.JUnitXMLReporter -->
<testsuite ignored="5" hostname="LAPTOP-0AP94ACM" failures="0" tests="4" name="Test" time="0.134" errors="0" timestamp="2023-03-27T20:19:29 IST">
  <testcase classname="com.trello.qspiders.learntestng.GroupA" name="nameA" time="0.023"/>
  <testcase classname="com.trello.qspiders.learntestng.GroupA" name="nameB" time="0.005"/>
  <testcase classname="com.trello.qspiders.learntestng.GroupC" name="nameG" time="0.002"/>
  <testcase classname="com.trello.qspiders.learntestng.GroupC" name="nameH" time="0.008"/>
  <testcase classname="com.trello.qspiders.learntestng.GroupB" name="nameF" time="0.0">
    <ignored/>
  </testcase> <!-- nameF -->
  <testcase classname="com.trello.qspiders.learntestng.GroupB" name="nameE" time="0.0">
    <ignored/>
  </testcase> <!-- nameE -->
  <testcase classname="com.trello.qspiders.learntestng.GroupA" name="nameC" time="0.0">
    <ignored/>
  </testcase> <!-- nameC -->
  <testcase classname="com.trello.qspiders.learntestng.GroupC" name="nameI" time="0.0">
    <ignored/>
  </testcase> <!-- nameI -->
  <testcase classname="com.trello.qspiders.learntestng.GroupB" name="nameD" time="0.0">
    <ignored/>
  </testcase> <!-- nameD -->
</testsuite> <!-- Test -->
